<?xml version="1.0" encoding="UTF-8"?>
<testsuite xmlns:xsi="http://www.w3.org/2001/XMLSchema-instance" xsi:noNamespaceSchemaLocation="https://maven.apache.org/surefire/maven-surefire-plugin/xsd/surefire-test-report.xsd" name="TestSuite" time="28.64" tests="2" errors="0" skipped="0" failures="2">
  <properties>
    <property name="sun.desktop" value="windows"/>
    <property name="awt.toolkit" value="sun.awt.windows.WToolkit"/>
    <property name="java.specification.version" value="12"/>
    <property name="sun.cpu.isalist" value="amd64"/>
    <property name="sun.jnu.encoding" value="Cp1252"/>
    <property name="java.class.path" value="C:\Surf_BKP\932019\932019old\SeleniumMavenProject\target\test-classes;C:\Surf_BKP\932019\932019old\SeleniumMavenProject\target\classes;C:\Users\skaja\.m2\repository\junit\junit\4.12\junit-4.12.jar;C:\Users\skaja\.m2\repository\org\hamcrest\hamcrest-core\1.3\hamcrest-core-1.3.jar;C:\Users\skaja\.m2\repository\org\seleniumhq\selenium\selenium-java\3.141.59\selenium-java-3.141.59.jar;C:\Users\skaja\.m2\repository\org\seleniumhq\selenium\selenium-api\3.141.59\selenium-api-3.141.59.jar;C:\Users\skaja\.m2\repository\org\seleniumhq\selenium\selenium-chrome-driver\3.141.59\selenium-chrome-driver-3.141.59.jar;C:\Users\skaja\.m2\repository\org\seleniumhq\selenium\selenium-edge-driver\3.141.59\selenium-edge-driver-3.141.59.jar;C:\Users\skaja\.m2\repository\org\seleniumhq\selenium\selenium-firefox-driver\3.141.59\selenium-firefox-driver-3.141.59.jar;C:\Users\skaja\.m2\repository\org\seleniumhq\selenium\selenium-ie-driver\3.141.59\selenium-ie-driver-3.141.59.jar;C:\Users\skaja\.m2\repository\org\seleniumhq\selenium\selenium-opera-driver\3.141.59\selenium-opera-driver-3.141.59.jar;C:\Users\skaja\.m2\repository\org\seleniumhq\selenium\selenium-remote-driver\3.141.59\selenium-remote-driver-3.141.59.jar;C:\Users\skaja\.m2\repository\org\seleniumhq\selenium\selenium-safari-driver\3.141.59\selenium-safari-driver-3.141.59.jar;C:\Users\skaja\.m2\repository\org\seleniumhq\selenium\selenium-support\3.141.59\selenium-support-3.141.59.jar;C:\Users\skaja\.m2\repository\net\bytebuddy\byte-buddy\1.8.15\byte-buddy-1.8.15.jar;C:\Users\skaja\.m2\repository\org\apache\commons\commons-exec\1.3\commons-exec-1.3.jar;C:\Users\skaja\.m2\repository\com\google\guava\guava\25.0-jre\guava-25.0-jre.jar;C:\Users\skaja\.m2\repository\com\google\code\findbugs\jsr305\1.3.9\jsr305-1.3.9.jar;C:\Users\skaja\.m2\repository\org\checkerframework\checker-compat-qual\2.0.0\checker-compat-qual-2.0.0.jar;C:\Users\skaja\.m2\repository\com\google\errorprone\error_prone_annotations\2.1.3\error_prone_annotations-2.1.3.jar;C:\Users\skaja\.m2\repository\com\google\j2objc\j2objc-annotations\1.1\j2objc-annotations-1.1.jar;C:\Users\skaja\.m2\repository\org\codehaus\mojo\animal-sniffer-annotations\1.14\animal-sniffer-annotations-1.14.jar;C:\Users\skaja\.m2\repository\com\squareup\okhttp3\okhttp\3.11.0\okhttp-3.11.0.jar;C:\Users\skaja\.m2\repository\com\squareup\okio\okio\1.14.0\okio-1.14.0.jar;C:\Users\skaja\.m2\repository\org\testng\testng\6.14.3\testng-6.14.3.jar;C:\Users\skaja\.m2\repository\org\apache-extras\beanshell\bsh\2.0b6\bsh-2.0b6.jar;C:\Users\skaja\.m2\repository\org\apache\poi\poi\4.1.0\poi-4.1.0.jar;C:\Users\skaja\.m2\repository\commons-codec\commons-codec\1.12\commons-codec-1.12.jar;C:\Users\skaja\.m2\repository\org\apache\commons\commons-collections4\4.3\commons-collections4-4.3.jar;C:\Users\skaja\.m2\repository\org\apache\commons\commons-math3\3.6.1\commons-math3-3.6.1.jar;C:\Users\skaja\.m2\repository\org\apache\poi\poi-ooxml\4.1.0\poi-ooxml-4.1.0.jar;C:\Users\skaja\.m2\repository\org\apache\poi\poi-ooxml-schemas\4.1.0\poi-ooxml-schemas-4.1.0.jar;C:\Users\skaja\.m2\repository\org\apache\xmlbeans\xmlbeans\3.1.0\xmlbeans-3.1.0.jar;C:\Users\skaja\.m2\repository\org\apache\commons\commons-compress\1.18\commons-compress-1.18.jar;C:\Users\skaja\.m2\repository\com\github\virtuald\curvesapi\1.06\curvesapi-1.06.jar;C:\Users\skaja\.m2\repository\com\aventstack\extentreports\3.1.3\extentreports-3.1.3.jar;C:\Users\skaja\.m2\repository\org\freemarker\freemarker\2.3.23\freemarker-2.3.23.jar;C:\Users\skaja\.m2\repository\org\mongodb\mongodb-driver\3.3.0\mongodb-driver-3.3.0.jar;C:\Users\skaja\.m2\repository\org\mongodb\bson\3.3.0\bson-3.3.0.jar;C:\Users\skaja\.m2\repository\org\mongodb\mongodb-driver-core\3.3.0\mongodb-driver-core-3.3.0.jar;C:\Users\skaja\.m2\repository\org\apache\httpcomponents\httpclient\4.5.2\httpclient-4.5.2.jar;C:\Users\skaja\.m2\repository\org\apache\httpcomponents\httpcore\4.4.4\httpcore-4.4.4.jar;C:\Users\skaja\.m2\repository\commons-logging\commons-logging\1.2\commons-logging-1.2.jar;C:\Users\skaja\.m2\repository\org\apache\httpcomponents\httpmime\4.5.2\httpmime-4.5.2.jar;C:\Users\skaja\.m2\repository\org\jsoup\jsoup\1.9.2\jsoup-1.9.2.jar;C:\Users\skaja\.m2\repository\com\google\code\gson\gson\2.8.0\gson-2.8.0.jar;C:\Users\skaja\.m2\repository\info\cukes\cucumber-java\1.2.5\cucumber-java-1.2.5.jar;C:\Users\skaja\.m2\repository\info\cukes\cucumber-core\1.2.5\cucumber-core-1.2.5.jar;C:\Users\skaja\.m2\repository\info\cukes\cucumber-html\0.2.3\cucumber-html-0.2.3.jar;C:\Users\skaja\.m2\repository\info\cukes\cucumber-jvm-deps\1.0.5\cucumber-jvm-deps-1.0.5.jar;C:\Users\skaja\.m2\repository\info\cukes\gherkin\2.12.2\gherkin-2.12.2.jar;C:\Users\skaja\.m2\repository\io\cucumber\cucumber-java\4.7.2\cucumber-java-4.7.2.jar;C:\Users\skaja\.m2\repository\io\cucumber\cucumber-core\4.7.2\cucumber-core-4.7.2.jar;C:\Users\skaja\.m2\repository\io\cucumber\gherkin\5.1.0\gherkin-5.1.0.jar;C:\Users\skaja\.m2\repository\io\cucumber\tag-expressions\1.1.1\tag-expressions-1.1.1.jar;C:\Users\skaja\.m2\repository\io\cucumber\cucumber-expressions\7.0.2\cucumber-expressions-7.0.2.jar;C:\Users\skaja\.m2\repository\io\cucumber\datatable\1.1.14\datatable-1.1.14.jar;C:\Users\skaja\.m2\repository\io\cucumber\datatable-dependencies\1.1.14\datatable-dependencies-1.1.14.jar;C:\Users\skaja\.m2\repository\org\apiguardian\apiguardian-api\1.1.0\apiguardian-api-1.1.0.jar;C:\Users\skaja\.m2\repository\info\cukes\cucumber-testng\1.2.5\cucumber-testng-1.2.5.jar;C:\Users\skaja\.m2\repository\info\cukes\cucumber-junit\1.2.5\cucumber-junit-1.2.5.jar;C:\Users\skaja\.m2\repository\com\beust\jcommander\1.69\jcommander-1.69.jar;C:\Users\skaja\.m2\repository\com\vimalselvam\cucumber-extentsreport\3.0.2\cucumber-extentsreport-3.0.2.jar;C:\Users\skaja\.m2\repository\io\github\bonigarcia\webdrivermanager\3.6.2\webdrivermanager-3.6.2.jar;C:\Users\skaja\.m2\repository\org\slf4j\slf4j-api\1.7.25\slf4j-api-1.7.25.jar;C:\Users\skaja\.m2\repository\org\apache\commons\commons-lang3\3.8.1\commons-lang3-3.8.1.jar;C:\Users\skaja\.m2\repository\org\rauschig\jarchivelib\1.0.0\jarchivelib-1.0.0.jar;C:\Users\skaja\.m2\repository\io\rest-assured\rest-assured\3.1.1\rest-assured-3.1.1.jar;C:\Users\skaja\.m2\repository\org\codehaus\groovy\groovy\2.4.12\groovy-2.4.12.jar;C:\Users\skaja\.m2\repository\org\codehaus\groovy\groovy-xml\2.4.12\groovy-xml-2.4.12.jar;C:\Users\skaja\.m2\repository\org\hamcrest\hamcrest-library\1.3\hamcrest-library-1.3.jar;C:\Users\skaja\.m2\repository\org\ccil\cowan\tagsoup\tagsoup\1.2.1\tagsoup-1.2.1.jar;C:\Users\skaja\.m2\repository\io\rest-assured\json-path\3.1.1\json-path-3.1.1.jar;C:\Users\skaja\.m2\repository\org\codehaus\groovy\groovy-json\2.4.12\groovy-json-2.4.12.jar;C:\Users\skaja\.m2\repository\io\rest-assured\rest-assured-common\3.1.1\rest-assured-common-3.1.1.jar;C:\Users\skaja\.m2\repository\io\rest-assured\xml-path\3.1.1\xml-path-3.1.1.jar;C:\Users\skaja\.m2\repository\javax\xml\bind\jaxb-api\2.2.12\jaxb-api-2.2.12.jar;C:\Users\skaja\.m2\repository\io\cucumber\cucumber-testng\4.7.2\cucumber-testng-4.7.2.jar;C:\Users\skaja\.m2\repository\net\minidev\json-smart\1.0.9\json-smart-1.0.9.jar;C:\Users\skaja\.m2\repository\commons-io\commons-io\1.3.2\commons-io-1.3.2.jar;C:\Users\skaja\.m2\repository\io\cucumber\cucumber-junit\2.3.1\cucumber-junit-2.3.1.jar;C:\Users\skaja\.m2\repository\io\cucumber\cucumber-java8\2.3.1\cucumber-java8-2.3.1.jar;C:\Users\skaja\.m2\repository\net\jodah\typetools\0.5.0\typetools-0.5.0.jar;C:\Users\skaja\.m2\repository\org\apache\maven\surefire\surefire-testng-utils\2.22.0\surefire-testng-utils-2.22.0.jar;C:\Users\skaja\.m2\repository\org\apache\maven\surefire\surefire-grouper\2.22.0\surefire-grouper-2.22.0.jar;"/>
    <property name="java.vm.vendor" value="Oracle Corporation"/>
    <property name="sun.arch.data.model" value="64"/>
    <property name="user.variant" value=""/>
    <property name="java.vendor.url" value="https://java.oracle.com/"/>
    <property name="user.timezone" value="Asia/Calcutta"/>
    <property name="os.name" value="Windows 10"/>
    <property name="java.vm.specification.version" value="12"/>
    <property name="sun.java.launcher" value="SUN_STANDARD"/>
    <property name="user.country" value="US"/>
    <property name="sun.boot.library.path" value="C:\Program Files\Java\jdk-12.0.2\bin"/>
    <property name="sun.java.command" value="C:\Users\skaja\AppData\Local\Temp\surefire7616085811162780243\surefirebooter4169136196474287639.jar C:\Users\skaja\AppData\Local\Temp\surefire7616085811162780243 2019-09-04T07-26-47_513-jvmRun1 surefire7960850983728297173tmp surefire_08390239014902369143tmp"/>
    <property name="jdk.debug" value="release"/>
    <property name="surefire.test.class.path" value="C:\Surf_BKP\932019\932019old\SeleniumMavenProject\target\test-classes;C:\Surf_BKP\932019\932019old\SeleniumMavenProject\target\classes;C:\Users\skaja\.m2\repository\junit\junit\4.12\junit-4.12.jar;C:\Users\skaja\.m2\repository\org\hamcrest\hamcrest-core\1.3\hamcrest-core-1.3.jar;C:\Users\skaja\.m2\repository\org\seleniumhq\selenium\selenium-java\3.141.59\selenium-java-3.141.59.jar;C:\Users\skaja\.m2\repository\org\seleniumhq\selenium\selenium-api\3.141.59\selenium-api-3.141.59.jar;C:\Users\skaja\.m2\repository\org\seleniumhq\selenium\selenium-chrome-driver\3.141.59\selenium-chrome-driver-3.141.59.jar;C:\Users\skaja\.m2\repository\org\seleniumhq\selenium\selenium-edge-driver\3.141.59\selenium-edge-driver-3.141.59.jar;C:\Users\skaja\.m2\repository\org\seleniumhq\selenium\selenium-firefox-driver\3.141.59\selenium-firefox-driver-3.141.59.jar;C:\Users\skaja\.m2\repository\org\seleniumhq\selenium\selenium-ie-driver\3.141.59\selenium-ie-driver-3.141.59.jar;C:\Users\skaja\.m2\repository\org\seleniumhq\selenium\selenium-opera-driver\3.141.59\selenium-opera-driver-3.141.59.jar;C:\Users\skaja\.m2\repository\org\seleniumhq\selenium\selenium-remote-driver\3.141.59\selenium-remote-driver-3.141.59.jar;C:\Users\skaja\.m2\repository\org\seleniumhq\selenium\selenium-safari-driver\3.141.59\selenium-safari-driver-3.141.59.jar;C:\Users\skaja\.m2\repository\org\seleniumhq\selenium\selenium-support\3.141.59\selenium-support-3.141.59.jar;C:\Users\skaja\.m2\repository\net\bytebuddy\byte-buddy\1.8.15\byte-buddy-1.8.15.jar;C:\Users\skaja\.m2\repository\org\apache\commons\commons-exec\1.3\commons-exec-1.3.jar;C:\Users\skaja\.m2\repository\com\google\guava\guava\25.0-jre\guava-25.0-jre.jar;C:\Users\skaja\.m2\repository\com\google\code\findbugs\jsr305\1.3.9\jsr305-1.3.9.jar;C:\Users\skaja\.m2\repository\org\checkerframework\checker-compat-qual\2.0.0\checker-compat-qual-2.0.0.jar;C:\Users\skaja\.m2\repository\com\google\errorprone\error_prone_annotations\2.1.3\error_prone_annotations-2.1.3.jar;C:\Users\skaja\.m2\repository\com\google\j2objc\j2objc-annotations\1.1\j2objc-annotations-1.1.jar;C:\Users\skaja\.m2\repository\org\codehaus\mojo\animal-sniffer-annotations\1.14\animal-sniffer-annotations-1.14.jar;C:\Users\skaja\.m2\repository\com\squareup\okhttp3\okhttp\3.11.0\okhttp-3.11.0.jar;C:\Users\skaja\.m2\repository\com\squareup\okio\okio\1.14.0\okio-1.14.0.jar;C:\Users\skaja\.m2\repository\org\testng\testng\6.14.3\testng-6.14.3.jar;C:\Users\skaja\.m2\repository\org\apache-extras\beanshell\bsh\2.0b6\bsh-2.0b6.jar;C:\Users\skaja\.m2\repository\org\apache\poi\poi\4.1.0\poi-4.1.0.jar;C:\Users\skaja\.m2\repository\commons-codec\commons-codec\1.12\commons-codec-1.12.jar;C:\Users\skaja\.m2\repository\org\apache\commons\commons-collections4\4.3\commons-collections4-4.3.jar;C:\Users\skaja\.m2\repository\org\apache\commons\commons-math3\3.6.1\commons-math3-3.6.1.jar;C:\Users\skaja\.m2\repository\org\apache\poi\poi-ooxml\4.1.0\poi-ooxml-4.1.0.jar;C:\Users\skaja\.m2\repository\org\apache\poi\poi-ooxml-schemas\4.1.0\poi-ooxml-schemas-4.1.0.jar;C:\Users\skaja\.m2\repository\org\apache\xmlbeans\xmlbeans\3.1.0\xmlbeans-3.1.0.jar;C:\Users\skaja\.m2\repository\org\apache\commons\commons-compress\1.18\commons-compress-1.18.jar;C:\Users\skaja\.m2\repository\com\github\virtuald\curvesapi\1.06\curvesapi-1.06.jar;C:\Users\skaja\.m2\repository\com\aventstack\extentreports\3.1.3\extentreports-3.1.3.jar;C:\Users\skaja\.m2\repository\org\freemarker\freemarker\2.3.23\freemarker-2.3.23.jar;C:\Users\skaja\.m2\repository\org\mongodb\mongodb-driver\3.3.0\mongodb-driver-3.3.0.jar;C:\Users\skaja\.m2\repository\org\mongodb\bson\3.3.0\bson-3.3.0.jar;C:\Users\skaja\.m2\repository\org\mongodb\mongodb-driver-core\3.3.0\mongodb-driver-core-3.3.0.jar;C:\Users\skaja\.m2\repository\org\apache\httpcomponents\httpclient\4.5.2\httpclient-4.5.2.jar;C:\Users\skaja\.m2\repository\org\apache\httpcomponents\httpcore\4.4.4\httpcore-4.4.4.jar;C:\Users\skaja\.m2\repository\commons-logging\commons-logging\1.2\commons-logging-1.2.jar;C:\Users\skaja\.m2\repository\org\apache\httpcomponents\httpmime\4.5.2\httpmime-4.5.2.jar;C:\Users\skaja\.m2\repository\org\jsoup\jsoup\1.9.2\jsoup-1.9.2.jar;C:\Users\skaja\.m2\repository\com\google\code\gson\gson\2.8.0\gson-2.8.0.jar;C:\Users\skaja\.m2\repository\info\cukes\cucumber-java\1.2.5\cucumber-java-1.2.5.jar;C:\Users\skaja\.m2\repository\info\cukes\cucumber-core\1.2.5\cucumber-core-1.2.5.jar;C:\Users\skaja\.m2\repository\info\cukes\cucumber-html\0.2.3\cucumber-html-0.2.3.jar;C:\Users\skaja\.m2\repository\info\cukes\cucumber-jvm-deps\1.0.5\cucumber-jvm-deps-1.0.5.jar;C:\Users\skaja\.m2\repository\info\cukes\gherkin\2.12.2\gherkin-2.12.2.jar;C:\Users\skaja\.m2\repository\io\cucumber\cucumber-java\4.7.2\cucumber-java-4.7.2.jar;C:\Users\skaja\.m2\repository\io\cucumber\cucumber-core\4.7.2\cucumber-core-4.7.2.jar;C:\Users\skaja\.m2\repository\io\cucumber\gherkin\5.1.0\gherkin-5.1.0.jar;C:\Users\skaja\.m2\repository\io\cucumber\tag-expressions\1.1.1\tag-expressions-1.1.1.jar;C:\Users\skaja\.m2\repository\io\cucumber\cucumber-expressions\7.0.2\cucumber-expressions-7.0.2.jar;C:\Users\skaja\.m2\repository\io\cucumber\datatable\1.1.14\datatable-1.1.14.jar;C:\Users\skaja\.m2\repository\io\cucumber\datatable-dependencies\1.1.14\datatable-dependencies-1.1.14.jar;C:\Users\skaja\.m2\repository\org\apiguardian\apiguardian-api\1.1.0\apiguardian-api-1.1.0.jar;C:\Users\skaja\.m2\repository\info\cukes\cucumber-testng\1.2.5\cucumber-testng-1.2.5.jar;C:\Users\skaja\.m2\repository\info\cukes\cucumber-junit\1.2.5\cucumber-junit-1.2.5.jar;C:\Users\skaja\.m2\repository\com\beust\jcommander\1.69\jcommander-1.69.jar;C:\Users\skaja\.m2\repository\com\vimalselvam\cucumber-extentsreport\3.0.2\cucumber-extentsreport-3.0.2.jar;C:\Users\skaja\.m2\repository\io\github\bonigarcia\webdrivermanager\3.6.2\webdrivermanager-3.6.2.jar;C:\Users\skaja\.m2\repository\org\slf4j\slf4j-api\1.7.25\slf4j-api-1.7.25.jar;C:\Users\skaja\.m2\repository\org\apache\commons\commons-lang3\3.8.1\commons-lang3-3.8.1.jar;C:\Users\skaja\.m2\repository\org\rauschig\jarchivelib\1.0.0\jarchivelib-1.0.0.jar;C:\Users\skaja\.m2\repository\io\rest-assured\rest-assured\3.1.1\rest-assured-3.1.1.jar;C:\Users\skaja\.m2\repository\org\codehaus\groovy\groovy\2.4.12\groovy-2.4.12.jar;C:\Users\skaja\.m2\repository\org\codehaus\groovy\groovy-xml\2.4.12\groovy-xml-2.4.12.jar;C:\Users\skaja\.m2\repository\org\hamcrest\hamcrest-library\1.3\hamcrest-library-1.3.jar;C:\Users\skaja\.m2\repository\org\ccil\cowan\tagsoup\tagsoup\1.2.1\tagsoup-1.2.1.jar;C:\Users\skaja\.m2\repository\io\rest-assured\json-path\3.1.1\json-path-3.1.1.jar;C:\Users\skaja\.m2\repository\org\codehaus\groovy\groovy-json\2.4.12\groovy-json-2.4.12.jar;C:\Users\skaja\.m2\repository\io\rest-assured\rest-assured-common\3.1.1\rest-assured-common-3.1.1.jar;C:\Users\skaja\.m2\repository\io\rest-assured\xml-path\3.1.1\xml-path-3.1.1.jar;C:\Users\skaja\.m2\repository\javax\xml\bind\jaxb-api\2.2.12\jaxb-api-2.2.12.jar;C:\Users\skaja\.m2\repository\io\cucumber\cucumber-testng\4.7.2\cucumber-testng-4.7.2.jar;C:\Users\skaja\.m2\repository\net\minidev\json-smart\1.0.9\json-smart-1.0.9.jar;C:\Users\skaja\.m2\repository\commons-io\commons-io\1.3.2\commons-io-1.3.2.jar;C:\Users\skaja\.m2\repository\io\cucumber\cucumber-junit\2.3.1\cucumber-junit-2.3.1.jar;C:\Users\skaja\.m2\repository\io\cucumber\cucumber-java8\2.3.1\cucumber-java8-2.3.1.jar;C:\Users\skaja\.m2\repository\net\jodah\typetools\0.5.0\typetools-0.5.0.jar;C:\Users\skaja\.m2\repository\org\apache\maven\surefire\surefire-testng-utils\2.22.0\surefire-testng-utils-2.22.0.jar;C:\Users\skaja\.m2\repository\org\apache\maven\surefire\surefire-grouper\2.22.0\surefire-grouper-2.22.0.jar;"/>
    <property name="sun.cpu.endian" value="little"/>
    <property name="user.home" value="C:\Users\skaja"/>
    <property name="user.language" value="en"/>
    <property name="java.specification.vendor" value="Oracle Corporation"/>
    <property name="java.version.date" value="2019-07-16"/>
    <property name="java.home" value="C:\Program Files\Java\jdk-12.0.2"/>
    <property name="file.separator" value="\"/>
    <property name="basedir" value="C:\Surf_BKP\932019\932019old\SeleniumMavenProject"/>
    <property name="java.vm.compressedOopsMode" value="32-bit"/>
    <property name="line.separator" value="&#10;"/>
    <property name="java.vm.specification.vendor" value="Oracle Corporation"/>
    <property name="java.specification.name" value="Java Platform API Specification"/>
    <property name="java.awt.graphicsenv" value="sun.awt.Win32GraphicsEnvironment"/>
    <property name="surefire.real.class.path" value="C:\Users\skaja\AppData\Local\Temp\surefire7616085811162780243\surefirebooter4169136196474287639.jar"/>
    <property name="user.script" value=""/>
    <property name="sun.management.compiler" value="HotSpot 64-Bit Tiered Compilers"/>
    <property name="java.runtime.version" value="12.0.2+10"/>
    <property name="user.name" value="skaja"/>
    <property name="path.separator" value=";"/>
    <property name="os.version" value="10.0"/>
    <property name="java.runtime.name" value="Java(TM) SE Runtime Environment"/>
    <property name="file.encoding" value="Cp1252"/>
    <property name="java.vm.name" value="Java HotSpot(TM) 64-Bit Server VM"/>
    <property name="localRepository" value="C:\Users\skaja\.m2\repository"/>
    <property name="java.vendor.url.bug" value="https://bugreport.java.com/bugreport/"/>
    <property name="java.io.tmpdir" value="C:\Users\skaja\AppData\Local\Temp\"/>
    <property name="java.version" value="12.0.2"/>
    <property name="user.dir" value="C:\Surf_BKP\932019\932019old\SeleniumMavenProject"/>
    <property name="os.arch" value="amd64"/>
    <property name="java.vm.specification.name" value="Java Virtual Machine Specification"/>
    <property name="sun.os.patch.level" value=""/>
    <property name="java.library.path" value="C:\Program Files\Java\jdk-12.0.2\bin;C:\WINDOWS\Sun\Java\bin;C:\WINDOWS\system32;C:\WINDOWS;C:/Program Files (x86)/Java/jre1.8.0_212/bin/client;C:/Program Files (x86)/Java/jre1.8.0_212/bin;C:/Program Files (x86)/Java/jre1.8.0_212/lib/i386;C:\Program Files (x86)\Common Files\Oracle\Java\javapath;C:\Oracle11gClient\product\11.2.0\client_1\bin;C:\WINDOWS\system32;C:\WINDOWS;C:\WINDOWS\System32\Wbem;C:\WINDOWS\System32\WindowsPowerShell\v1.0\;C:\WINDOWS\System32\OpenSSH\;C:\Program Files (x86)\Common Files\NorthgateArinso;C:\Program Files (x86)\Enterprise Vault\EVClient\;C:\Program Files (x86)\Sennheiser\SoftphoneSDK\;C:\Program Files (x86)\Microsoft Office\Office16;C:\Program Files\Java\jdk-12.0.2\bin;C:\Program Files\Java\jdk-12.0.2\lib;C:\Program Files\Git\cmd;C:\Users\skaja\AppData\Local\Microsoft\WindowsApps;C:\Users\skaja\Downloads\apache-maven-3.6.1-bin\apache-maven-3.6.1\bin\;;C:\Users\skaja\Downloads\eclipse-jee-oxygen-3a-win32\eclipse;;."/>
    <property name="java.vm.info" value="mixed mode, sharing"/>
    <property name="java.vendor" value="Oracle Corporation"/>
    <property name="java.vm.version" value="12.0.2+10"/>
    <property name="sun.io.unicode.encoding" value="UnicodeLittle"/>
    <property name="java.class.version" value="56.0"/>
  </properties>
  <testcase name="feature" classname="runner.LaunchURLRunner" time="14.168">
    <failure message="java.lang.AssertionError: expected [Tower Hill Insurance Group - Login] but found [WELCOME TO TOWER HILL&apos;S AGENT PORTAL]" type="cucumber.runtime.CucumberException">cucumber.runtime.CucumberException: java.lang.AssertionError: expected [Tower Hill Insurance Group - Login] but found [WELCOME TO TOWER HILL'S AGENT PORTAL]
Caused by: java.lang.AssertionError: expected [Tower Hill Insurance Group - Login] but found [WELCOME TO TOWER HILL'S AGENT PORTAL]
</failure>
    <system-out><![CDATA[Feature: loginpixeel1

  @Run
  Scenario: loginpixeel validation with Correct UserName and password &amp#27;[90m# Sample.feature:4&amp#27;[0m
    &amp#27;[32mGiven &amp#27;[0m&amp#27;[32mOpen FireFox Browser with URL&amp#27;[0m                               &amp#27;[90m# AgentLogin.Open_FireFox_Browser_with_URL()&amp#27;[0m
    &amp#27;[32mWhen &amp#27;[0m&amp#27;[32mUser Enters Correct username and paasword&amp#27;[0m                    &amp#27;[90m# AgentLogin.User_Enters_Correct_username_and_paasword()&amp#27;[0m
    &amp#27;[31mThen &amp#27;[0m&amp#27;[31mAgent Portal is displayed&amp#27;[0m                                    &amp#27;[90m# AgentLogin.Agent_Portal_is_displayed()&amp#27;[0m
      &amp#27;[31mjava.lang.AssertionError: expected [Tower Hill Insurance Group - Login] but found [WELCOME TO TOWER HILL'S AGENT PORTAL]
      	at org.testng.Assert.fail(Assert.java:96)
      	at org.testng.Assert.failNotEquals(Assert.java:776)
      	at org.testng.Assert.assertEqualsImpl(Assert.java:137)
      	at org.testng.Assert.assertEquals(Assert.java:118)
      	at org.testng.Assert.assertEquals(Assert.java:453)
      	at org.testng.Assert.assertEquals(Assert.java:463)
      	at stepDef.AgentLogin.Agent_Portal_is_displayed(AgentLogin.java:61)
      	at ?.Then Agent Portal is displayed(Sample.feature:7)
      &amp#27;[0m
]]></system-out>
    <system-err><![CDATA[1567562214008	mozrunner::runner	INFO	Running command: "C:\\Program Files\\Mozilla Firefox\\firefox.exe" "-marionette" "-foreground" "-no-remote" "-profile" "C:\\Users\\skaja\\AppData\\Local\\Temp\\rust_mozprofile.R80ouu4d4qx1"
1567562215368	addons.webextension.screenshots@mozilla.org	WARN	Loading extension 'screenshots@mozilla.org': Reading manifest: Invalid extension permission: mozillaAddons
1567562215369	addons.webextension.screenshots@mozilla.org	WARN	Loading extension 'screenshots@mozilla.org': Reading manifest: Invalid extension permission: telemetry
1567562215370	addons.webextension.screenshots@mozilla.org	WARN	Loading extension 'screenshots@mozilla.org': Reading manifest: Invalid extension permission: resource://pdf.js/
1567562215370	addons.webextension.screenshots@mozilla.org	WARN	Loading extension 'screenshots@mozilla.org': Reading manifest: Invalid extension permission: about:reader*
JavaScript error: resource:///modules/sessionstore/SessionStore.jsm, line 1215: uncaught exception: 2147746065
1567562218678	Marionette	INFO	Listening on port 63743
1567562219176	Marionette	WARN	TLS certificate errors will be ignored for this session
Sep 04, 2019 7:26:59 AM org.openqa.selenium.remote.ProtocolHandshake createSession
INFO: Detected dialect: W3C
]]></system-err>
  </testcase>
  <testcase name="feature" classname="runner.LaunchURLRunner" time="12.097">
    <failure message="java.lang.AssertionError: expected [Tower Hill Insurance Group - Login] but found [WELCOME TO TOWER HILL&apos;S AGENT PORTAL]" type="cucumber.runtime.CucumberException">cucumber.runtime.CucumberException: java.lang.AssertionError: expected [Tower Hill Insurance Group - Login] but found [WELCOME TO TOWER HILL'S AGENT PORTAL]
Caused by: java.lang.AssertionError: expected [Tower Hill Insurance Group - Login] but found [WELCOME TO TOWER HILL'S AGENT PORTAL]
</failure>
    <system-out><![CDATA[Feature: loginpixeel

  @Run
  Scenario: loginpixeel validation with Correct UserName and password &amp#27;[90m# loginpixeel.feature:4&amp#27;[0m
    &amp#27;[32mGiven &amp#27;[0m&amp#27;[32mOpen FireFox Browser with URL&amp#27;[0m                               &amp#27;[90m# AgentLogin.Open_FireFox_Browser_with_URL()&amp#27;[0m
    &amp#27;[32mWhen &amp#27;[0m&amp#27;[32mUser Enters Correct username and paasword&amp#27;[0m                    &amp#27;[90m# AgentLogin.User_Enters_Correct_username_and_paasword()&amp#27;[0m
    &amp#27;[31mThen &amp#27;[0m&amp#27;[31mAgent Portal is displayed&amp#27;[0m                                    &amp#27;[90m# AgentLogin.Agent_Portal_is_displayed()&amp#27;[0m
      &amp#27;[31mjava.lang.AssertionError: expected [Tower Hill Insurance Group - Login] but found [WELCOME TO TOWER HILL'S AGENT PORTAL]
      	at org.testng.Assert.fail(Assert.java:96)
      	at org.testng.Assert.failNotEquals(Assert.java:776)
      	at org.testng.Assert.assertEqualsImpl(Assert.java:137)
      	at org.testng.Assert.assertEquals(Assert.java:118)
      	at org.testng.Assert.assertEquals(Assert.java:453)
      	at org.testng.Assert.assertEquals(Assert.java:463)
      	at stepDef.AgentLogin.Agent_Portal_is_displayed(AgentLogin.java:61)
      	at ?.Then Agent Portal is displayed(loginpixeel.feature:7)
      &amp#27;[0m
]]></system-out>
    <system-err><![CDATA[1567562226248	mozrunner::runner	INFO	Running command: "C:\\Program Files\\Mozilla Firefox\\firefox.exe" "-marionette" "-foreground" "-no-remote" "-profile" "C:\\Users\\skaja\\AppData\\Local\\Temp\\rust_mozprofile.S4Gh6JrjbMYa"
1567562227152	addons.webextension.screenshots@mozilla.org	WARN	Loading extension 'screenshots@mozilla.org': Reading manifest: Invalid extension permission: mozillaAddons
1567562227152	addons.webextension.screenshots@mozilla.org	WARN	Loading extension 'screenshots@mozilla.org': Reading manifest: Invalid extension permission: telemetry
1567562227153	addons.webextension.screenshots@mozilla.org	WARN	Loading extension 'screenshots@mozilla.org': Reading manifest: Invalid extension permission: resource://pdf.js/
1567562227153	addons.webextension.screenshots@mozilla.org	WARN	Loading extension 'screenshots@mozilla.org': Reading manifest: Invalid extension permission: about:reader*
JavaScript error: resource:///modules/sessionstore/SessionStore.jsm, line 1215: uncaught exception: 2147746065
1567562230725	Marionette	INFO	Listening on port 63794
1567562230767	Marionette	WARN	TLS certificate errors will be ignored for this session
Sep 04, 2019 7:27:11 AM org.openqa.selenium.remote.ProtocolHandshake createSession
INFO: Detected dialect: W3C
]]></system-err>
  </testcase>
</testsuite>