<?xml version="1.0" encoding="UTF-8"?>
<!-- Generated by org.testng.reporters.JUnitReportReporter -->
<testsuite hostname="WFLGNVCON49" failures="0" tests="1" name="rest.createaincident" time="3.743" errors="0" timestamp="06 Sep 2019 14:06:56 GMT" skipped="0">
  <testcase classname="rest.createaincident" name="setup" time="3.743"/>
</testsuite> <!-- rest.createaincident -->
