<?xml version="1.0" encoding="UTF-8"?>
<!-- Generated by org.testng.reporters.JUnitReportReporter -->
<testsuite hostname="WFLGNVCON49" failures="0" tests="1" name="runner.LaunchURLRunner" time="19.745" errors="0" timestamp="10 Sep 2019 09:51:47 GMT" skipped="0">
  <testcase classname="runner.LaunchURLRunner" name="feature" time="19.745"/>
</testsuite> <!-- runner.LaunchURLRunner -->
