<?xml version="1.0" encoding="UTF-8"?>
<!-- Generated by org.testng.reporters.JUnitReportReporter -->
<testsuite hostname="WFLGNVCON49" failures="0" tests="2" name="TestGrid.Grid" time="11.820" errors="0" timestamp="05 Sep 2019 08:00:12 GMT" skipped="0">
  <testcase classname="TestGrid.Grid" name="setUp" time="5.556"/>
  <testcase classname="TestGrid.Grid" name="setUp" time="6.264"/>
</testsuite> <!-- TestGrid.Grid -->
