<?xml version="1.0" encoding="UTF-8"?>
<!-- Generated by org.testng.reporters.JUnitReportReporter -->
<testsuite hostname="WFLGNVCON49" failures="0" tests="1" name="SeleniumGrid.Grid" time="7.582" errors="0" timestamp="04 Sep 2019 09:58:42 GMT" skipped="0">
  <testcase classname="SeleniumGrid.Grid" name="setUp" time="7.582"/>
</testsuite> <!-- SeleniumGrid.Grid -->
