<?xml version="1.0" encoding="UTF-8"?>
<!-- Generated by org.testng.reporters.JUnitReportReporter -->
<testsuite hostname="WFLGNVCON41" failures="0" tests="1" name="rest.TC001_CreateIncident" time="0.837" errors="0" timestamp="30 Aug 2019 10:13:16 GMT" skipped="0">
  <testcase classname="rest.TC001_CreateIncident" name="createIncident" time="0.837"/>
</testsuite> <!-- rest.TC001_CreateIncident -->
