<?xml version="1.0" encoding="UTF-8"?>
<!-- Generated by org.testng.reporters.JUnitReportReporter -->
<testsuite hostname="WFLGNVCON49" failures="0" tests="1" name="TestGrid.Node1" time="5.151" errors="0" timestamp="06 Sep 2019 09:18:45 GMT" skipped="0">
  <testcase classname="TestGrid.Node1" name="setUp" time="5.151"/>
</testsuite> <!-- TestGrid.Node1 -->
