<?xml version="1.0" encoding="UTF-8"?>
<!-- Generated by org.testng.reporters.JUnitReportReporter -->
<testsuite hostname="WFLGNVCON49" failures="0" tests="1" name="TestGrid.Node2" time="6.576" errors="0" timestamp="05 Sep 2019 12:08:18 GMT" skipped="0">
  <testcase classname="TestGrid.Node2" name="setUp" time="6.576"/>
</testsuite> <!-- TestGrid.Node2 -->
