<?xml version="1.0" encoding="UTF-8"?>
<!-- Generated by org.testng.reporters.JUnitReportReporter -->
<testsuite hostname="WFLGNVCON49" failures="0" tests="1" name="runner.LaunchURLRunner" time="165.561" errors="0" timestamp="09 Sep 2019 14:03:39 GMT" skipped="0">
  <testcase classname="runner.LaunchURLRunner" name="feature" time="165.561"/>
</testsuite> <!-- runner.LaunchURLRunner -->
