<?xml version="1.0" encoding="UTF-8"?>
<!-- Generated by org.testng.reporters.JUnitReportReporter -->
<testsuite hostname="WFLGNVCON41" failures="0" tests="1" name="stepDef.AgentLogin" time="12.561" errors="0" timestamp="04 Sep 2019 02:34:05 GMT" skipped="0">
  <testcase classname="stepDef.AgentLogin" name="Open_FireFox_Browser_with_URL" time="12.561"/>
</testsuite> <!-- stepDef.AgentLogin -->
