<?xml version="1.0" encoding="UTF-8"?>
<!-- Generated by org.testng.reporters.JUnitReportReporter -->
<testsuite hostname="WFLGNVCON41" failures="0" tests="1" name="rest.deleteeaincident" time="1.067" errors="0" timestamp="02 Sep 2019 03:26:29 GMT" skipped="0">
  <testcase classname="rest.deleteeaincident" name="setup" time="1.067"/>
</testsuite> <!-- rest.deleteeaincident -->
