<?xml version="1.0" encoding="UTF-8"?>
<!-- Generated by org.testng.reporters.JUnitReportReporter -->
<testsuite hostname="WFLGNVCON41" failures="0" tests="1" name="rest.createaincident" time="7.046" errors="0" timestamp="04 Sep 2019 03:56:44 GMT" skipped="0">
  <testcase classname="rest.createaincident" name="setup" time="7.046"/>
</testsuite> <!-- rest.createaincident -->
