<?xml version="1.0" encoding="UTF-8"?>
<!-- Generated by org.testng.reporters.JUnitReportReporter -->
<testsuite hostname="WFLGNVCON41" failures="0" tests="2" name="runner.LaunchURLRunner" time="40.180" errors="0" timestamp="04 Sep 2019 03:56:44 GMT" skipped="0">
  <testcase classname="runner.LaunchURLRunner" name="feature" time="22.811"/>
  <testcase classname="runner.LaunchURLRunner" name="feature" time="17.369"/>
</testsuite> <!-- runner.LaunchURLRunner -->
